<?xml version="1.0" encoding="UTF-8"?>
<testng-results skipped="2" failed="0" ignored="0" total="6" passed="4">
  <reporter-output>
    <line>
      <![CDATA[Verification Failure :expected [abc] but found [xyz]]]>
    </line>
    <line>
      <![CDATA[<a target="_blank"href=C:\Users\sps\Eclipse-2020-Workspace\ZFramework_DataDriven\target\surefire-reports\html\>Screenshot</a>]]>
    </line>
    <line>
      <![CDATA[<br>]]>
    </line>
    <line>
      <![CDATA[<br>]]>
    </line>
    <line>
      <![CDATA[<a target="_blank"href=error_Sat_May_23_08_34_36_IST_2020.jgp><img src =C:\Users\sps\Eclipse-2020-Workspace\ZFramework_DataDriven\target\surefire-reports\html\error_Sat_May_23_08_34_36_IST_2020.jgp heigth=200 width=200></img></a>]]>
    </line>
    <line>
      <![CDATA[Login is succesfull]]>
    </line>
    <line>
      <![CDATA[Customer added successfully with customer id :6]]>
    </line>
    <line>
      <![CDATA[Customer added successfully with customer id :7]]>
    </line>
    <line>
      <![CDATA[Customer added successfully with customer id :8]]>
    </line>
  </reporter-output>
  <suite name="Data Driven Basics" duration-ms="16050" started-at="2020-05-23T03:04:36Z" finished-at="2020-05-23T03:04:52Z">
    <groups>
    </groups>
    <test name="Login Test" duration-ms="2852" started-at="2020-05-23T03:04:36Z" finished-at="2020-05-23T03:04:39Z">
      <class name="testcases.BMLoginTest">
        <test-method status="PASS" signature="BankManagerLoginTest()[pri:0, instance:testcases.BMLoginTest@3a1dd365]" name="BankManagerLoginTest" duration-ms="2700" started-at="2020-05-23T03:04:36Z" finished-at="2020-05-23T03:04:39Z">
          <reporter-output>
            <line>
              <![CDATA[Verification Failure :expected [abc] but found [xyz]]]>
            </line>
            <line>
              <![CDATA[<a target="_blank"href=C:\Users\sps\Eclipse-2020-Workspace\ZFramework_DataDriven\target\surefire-reports\html\>Screenshot</a>]]>
            </line>
            <line>
              <![CDATA[<br>]]>
            </line>
            <line>
              <![CDATA[<br>]]>
            </line>
            <line>
              <![CDATA[<a target="_blank"href=error_Sat_May_23_08_34_36_IST_2020.jgp><img src =C:\Users\sps\Eclipse-2020-Workspace\ZFramework_DataDriven\target\surefire-reports\html\error_Sat_May_23_08_34_36_IST_2020.jgp heigth=200 width=200></img></a>]]>
            </line>
            <line>
              <![CDATA[Login is succesfull]]>
            </line>
          </reporter-output>
        </test-method> <!-- BankManagerLoginTest -->
      </class> <!-- testcases.BMLoginTest -->
    </test> <!-- Login Test -->
    <test name="Add Customer Test" duration-ms="13160" started-at="2020-05-23T03:04:39Z" finished-at="2020-05-23T03:04:52Z">
      <class name="testcases.AddCustomerTest">
        <test-method status="PASS" signature="addCustomerTest(java.lang.String, java.lang.String, java.lang.String, java.lang.String, java.lang.String)[pri:0, instance:testcases.AddCustomerTest@1a45193b]" name="addCustomerTest" duration-ms="4447" started-at="2020-05-23T03:04:39Z" data-provider="dp" finished-at="2020-05-23T03:04:43Z">
          <params>
            <param index="0">
              <value>
                <![CDATA[Raman]]>
              </value>
            </param>
            <param index="1">
              <value>
                <![CDATA[Arora]]>
              </value>
            </param>
            <param index="2">
              <value>
                <![CDATA[A234wd]]>
              </value>
            </param>
            <param index="3">
              <value>
                <![CDATA[Customer added successfully]]>
              </value>
            </param>
            <param index="4">
              <value>
                <![CDATA[Y]]>
              </value>
            </param>
          </params>
          <reporter-output>
            <line>
              <![CDATA[Customer added successfully with customer id :6]]>
            </line>
          </reporter-output>
        </test-method> <!-- addCustomerTest -->
        <test-method status="PASS" signature="addCustomerTest(java.lang.String, java.lang.String, java.lang.String, java.lang.String, java.lang.String)[pri:0, instance:testcases.AddCustomerTest@1a45193b]" name="addCustomerTest" duration-ms="4287" started-at="2020-05-23T03:04:43Z" data-provider="dp" finished-at="2020-05-23T03:04:48Z">
          <params>
            <param index="0">
              <value>
                <![CDATA[Babu]]>
              </value>
            </param>
            <param index="1">
              <value>
                <![CDATA[loda]]>
              </value>
            </param>
            <param index="2">
              <value>
                <![CDATA[A234wd]]>
              </value>
            </param>
            <param index="3">
              <value>
                <![CDATA[Customer added successfully]]>
              </value>
            </param>
            <param index="4">
              <value>
                <![CDATA[Y]]>
              </value>
            </param>
          </params>
          <reporter-output>
            <line>
              <![CDATA[Customer added successfully with customer id :7]]>
            </line>
          </reporter-output>
        </test-method> <!-- addCustomerTest -->
        <test-method status="SKIP" signature="addCustomerTest(java.lang.String, java.lang.String, java.lang.String, java.lang.String, java.lang.String)[pri:0, instance:testcases.AddCustomerTest@1a45193b]" name="addCustomerTest" duration-ms="0" started-at="2020-05-23T03:04:48Z" data-provider="dp" finished-at="2020-05-23T03:04:48Z">
          <params>
            <param index="0">
              <value>
                <![CDATA[Raju]]>
              </value>
            </param>
            <param index="1">
              <value>
                <![CDATA[dada]]>
              </value>
            </param>
            <param index="2">
              <value>
                <![CDATA[A234wd]]>
              </value>
            </param>
            <param index="3">
              <value>
                <![CDATA[Customer added successfully]]>
              </value>
            </param>
            <param index="4">
              <value>
                <![CDATA[N]]>
              </value>
            </param>
          </params>
          <exception class="org.testng.SkipException">
            <message>
              <![CDATA[Skipping entry: Raju as run mode is not Y if you wish to run the Test set it as 'Y']]>
            </message>
            <full-stacktrace>
              <![CDATA[org.testng.SkipException: Skipping entry: Raju as run mode is not Y if you wish to run the Test set it as 'Y'
at testcases.AddCustomerTest.addCustomerTest(AddCustomerTest.java:26)
at sun.reflect.NativeMethodAccessorImpl.invoke0(Native Method)
at sun.reflect.NativeMethodAccessorImpl.invoke(NativeMethodAccessorImpl.java:62)
at sun.reflect.DelegatingMethodAccessorImpl.invoke(DelegatingMethodAccessorImpl.java:43)
at java.lang.reflect.Method.invoke(Method.java:498)
at org.testng.internal.MethodInvocationHelper.invokeMethod(MethodInvocationHelper.java:124)
at org.testng.internal.Invoker.invokeMethod(Invoker.java:583)
at org.testng.internal.Invoker.invokeTestMethod(Invoker.java:719)
at org.testng.internal.Invoker.invokeTestMethods(Invoker.java:989)
at org.testng.internal.TestMethodWorker.invokeTestMethods(TestMethodWorker.java:125)
at org.testng.internal.TestMethodWorker.run(TestMethodWorker.java:109)
at org.testng.TestRunner.privateRun(TestRunner.java:648)
at org.testng.TestRunner.run(TestRunner.java:505)
at org.testng.SuiteRunner.runTest(SuiteRunner.java:455)
at org.testng.SuiteRunner.runSequentially(SuiteRunner.java:450)
at org.testng.SuiteRunner.privateRun(SuiteRunner.java:415)
at org.testng.SuiteRunner.run(SuiteRunner.java:364)
at org.testng.SuiteRunnerWorker.runSuite(SuiteRunnerWorker.java:52)
at org.testng.SuiteRunnerWorker.run(SuiteRunnerWorker.java:84)
at org.testng.TestNG.runSuitesSequentially(TestNG.java:1208)
at org.testng.TestNG.runSuitesLocally(TestNG.java:1137)
at org.testng.TestNG.runSuites(TestNG.java:1049)
at org.testng.TestNG.run(TestNG.java:1017)
at org.apache.maven.surefire.testng.TestNGExecutor.run(TestNGExecutor.java:283)
at org.apache.maven.surefire.testng.TestNGXmlTestSuite.execute(TestNGXmlTestSuite.java:75)
at org.apache.maven.surefire.testng.TestNGProvider.invoke(TestNGProvider.java:120)
at org.apache.maven.surefire.booter.ForkedBooter.runSuitesInProcess(ForkedBooter.java:377)
at org.apache.maven.surefire.booter.ForkedBooter.execute(ForkedBooter.java:138)
at org.apache.maven.surefire.booter.ForkedBooter.run(ForkedBooter.java:465)
at org.apache.maven.surefire.booter.ForkedBooter.main(ForkedBooter.java:451)
]]>
            </full-stacktrace>
          </exception> <!-- org.testng.SkipException -->
          <reporter-output>
          </reporter-output>
        </test-method> <!-- addCustomerTest -->
        <test-method status="PASS" signature="addCustomerTest(java.lang.String, java.lang.String, java.lang.String, java.lang.String, java.lang.String)[pri:0, instance:testcases.AddCustomerTest@1a45193b]" name="addCustomerTest" duration-ms="4297" started-at="2020-05-23T03:04:48Z" data-provider="dp" finished-at="2020-05-23T03:04:52Z">
          <params>
            <param index="0">
              <value>
                <![CDATA[Kaju]]>
              </value>
            </param>
            <param index="1">
              <value>
                <![CDATA[baba]]>
              </value>
            </param>
            <param index="2">
              <value>
                <![CDATA[A234wd]]>
              </value>
            </param>
            <param index="3">
              <value>
                <![CDATA[Customer added successfully]]>
              </value>
            </param>
            <param index="4">
              <value>
                <![CDATA[Y]]>
              </value>
            </param>
          </params>
          <reporter-output>
            <line>
              <![CDATA[Customer added successfully with customer id :8]]>
            </line>
          </reporter-output>
        </test-method> <!-- addCustomerTest -->
      </class> <!-- testcases.AddCustomerTest -->
    </test> <!-- Add Customer Test -->
    <test name="Open Account Test" duration-ms="19" started-at="2020-05-23T03:04:52Z" finished-at="2020-05-23T03:04:52Z">
      <class name="testcases.OpenAccountTest">
        <test-method status="PASS" signature="setUp()[pri:0, instance:testcases.OpenAccountTest@c5ee75e]" name="setUp" is-config="true" duration-ms="4299" started-at="2020-05-23T03:04:32Z" finished-at="2020-05-23T03:04:36Z">
          <reporter-output>
          </reporter-output>
        </test-method> <!-- setUp -->
        <test-method status="SKIP" signature="openAccountTest(java.lang.String, java.lang.String)[pri:0, instance:testcases.OpenAccountTest@c5ee75e]" name="openAccountTest" duration-ms="0" started-at="2020-05-23T03:04:52Z" data-provider="dp" finished-at="2020-05-23T03:04:52Z">
          <params>
            <param index="0">
              <value>
                <![CDATA[Raman Arora]]>
              </value>
            </param>
            <param index="1">
              <value>
                <![CDATA[Rupee]]>
              </value>
            </param>
          </params>
          <exception class="org.testng.SkipException">
            <message>
              <![CDATA[Skipping test: openAccountTest as run mode is not Y if you wish to run the Test set it as 'Y']]>
            </message>
            <full-stacktrace>
              <![CDATA[org.testng.SkipException: Skipping test: openAccountTest as run mode is not Y if you wish to run the Test set it as 'Y'
at listeners.CustomListeners.onTestStart(CustomListeners.java:52)
at org.testng.internal.TestListenerHelper.runTestListeners(TestListenerHelper.java:73)
at org.testng.internal.Invoker.runTestListeners(Invoker.java:1389)
at org.testng.internal.Invoker.invokeMethod(Invoker.java:559)
at org.testng.internal.Invoker.invokeTestMethod(Invoker.java:719)
at org.testng.internal.Invoker.invokeTestMethods(Invoker.java:989)
at org.testng.internal.TestMethodWorker.invokeTestMethods(TestMethodWorker.java:125)
at org.testng.internal.TestMethodWorker.run(TestMethodWorker.java:109)
at org.testng.TestRunner.privateRun(TestRunner.java:648)
at org.testng.TestRunner.run(TestRunner.java:505)
at org.testng.SuiteRunner.runTest(SuiteRunner.java:455)
at org.testng.SuiteRunner.runSequentially(SuiteRunner.java:450)
at org.testng.SuiteRunner.privateRun(SuiteRunner.java:415)
at org.testng.SuiteRunner.run(SuiteRunner.java:364)
at org.testng.SuiteRunnerWorker.runSuite(SuiteRunnerWorker.java:52)
at org.testng.SuiteRunnerWorker.run(SuiteRunnerWorker.java:84)
at org.testng.TestNG.runSuitesSequentially(TestNG.java:1208)
at org.testng.TestNG.runSuitesLocally(TestNG.java:1137)
at org.testng.TestNG.runSuites(TestNG.java:1049)
at org.testng.TestNG.run(TestNG.java:1017)
at org.apache.maven.surefire.testng.TestNGExecutor.run(TestNGExecutor.java:283)
at org.apache.maven.surefire.testng.TestNGXmlTestSuite.execute(TestNGXmlTestSuite.java:75)
at org.apache.maven.surefire.testng.TestNGProvider.invoke(TestNGProvider.java:120)
at org.apache.maven.surefire.booter.ForkedBooter.runSuitesInProcess(ForkedBooter.java:377)
at org.apache.maven.surefire.booter.ForkedBooter.execute(ForkedBooter.java:138)
at org.apache.maven.surefire.booter.ForkedBooter.run(ForkedBooter.java:465)
at org.apache.maven.surefire.booter.ForkedBooter.main(ForkedBooter.java:451)
]]>
            </full-stacktrace>
          </exception> <!-- org.testng.SkipException -->
          <reporter-output>
          </reporter-output>
        </test-method> <!-- openAccountTest -->
        <test-method status="PASS" signature="tearDown()[pri:0, instance:testcases.OpenAccountTest@c5ee75e]" name="tearDown" is-config="true" duration-ms="2586" started-at="2020-05-23T03:04:52Z" finished-at="2020-05-23T03:04:55Z">
          <reporter-output>
          </reporter-output>
        </test-method> <!-- tearDown -->
      </class> <!-- testcases.OpenAccountTest -->
    </test> <!-- Open Account Test -->
  </suite> <!-- Data Driven Basics -->
</testng-results>
